<?xml version="1.0" encoding="UTF-8"?>
<!-- Generated by org.testng.reporters.JUnitReportReporter -->
<testsuite hostname="LN0C5772E6454B" name="AutomateJQuerySlider.JQueryUIPageTest" tests="4" failures="0" timestamp="1 Aug 2018 06:01:13 GMT" time="13.098" errors="0">
  <testcase name="goTo" time="7.621" classname="AutomateJQuerySlider.JQueryUIPageTest"/>
  <testcase name="moveLeftBy20" time="0.522" classname="AutomateJQuerySlider.JQueryUIPageTest"/>
  <testcase name="moveRightBy25" time="4.132" classname="AutomateJQuerySlider.JQueryUIPageTest"/>
  <testcase name="moveRightBy50" time="0.823" classname="AutomateJQuerySlider.JQueryUIPageTest"/>
</testsuite> <!-- AutomateJQuerySlider.JQueryUIPageTest -->
